[debug] [2019-11-25T15:02:17.347Z] ----------------------------------------------------------------------
[debug] [2019-11-25T15:02:17.349Z] Command:       C:\Program Files\nodejs\node.exe C:\Users\Quyen Tran\AppData\Roaming\npm\node_modules\firebase-tools\lib\bin\firebase.js version
[debug] [2019-11-25T15:02:17.350Z] CLI Version:   7.8.1
[debug] [2019-11-25T15:02:17.350Z] Platform:      win32
[debug] [2019-11-25T15:02:17.350Z] Node Version:  v10.16.3
[debug] [2019-11-25T15:02:17.351Z] Time:          Mon Nov 25 2019 10:02:17 GMT-0500 (Eastern Standard Time)
[debug] [2019-11-25T15:02:17.351Z] ----------------------------------------------------------------------
[debug] [2019-11-25T15:02:17.351Z] 
[error] Error: [object Object] is not a Firebase command
[debug] [2019-11-25T15:02:17.361Z] TypeError: str.toLowerCase is not a function
    at didYouMean (C:\Users\Quyen Tran\AppData\Roaming\npm\node_modules\firebase-tools\node_modules\didyoumean\didYouMean-1.2.1.js:147:48)
    at suggestCommands (C:\Users\Quyen Tran\AppData\Roaming\npm\node_modules\firebase-tools\lib\index.js:28:22)
    at Command.<anonymous> (C:\Users\Quyen Tran\AppData\Roaming\npm\node_modules\firebase-tools\lib\index.js:57:14)
    at Command.listener (C:\Users\Quyen Tran\AppData\Roaming\npm\node_modules\firebase-tools\node_modules\commander\index.js:360:8)
    at Command.emit (events.js:198:13)
    at Command.EventEmitter.emit (domain.js:448:20)
    at Command.parseArgs (C:\Users\Quyen Tran\AppData\Roaming\npm\node_modules\firebase-tools\node_modules\commander\index.js:801:12)
    at Command.parse (C:\Users\Quyen Tran\AppData\Roaming\npm\node_modules\firebase-tools\node_modules\commander\index.js:563:21)
    at Object.<anonymous> (C:\Users\Quyen Tran\AppData\Roaming\npm\node_modules\firebase-tools\lib\bin\firebase.js:98:22)
    at Module._compile (internal/modules/cjs/loader.js:778:30)
    at Object.Module._extensions..js (internal/modules/cjs/loader.js:789:10)
    at Module.load (internal/modules/cjs/loader.js:653:32)
    at tryModuleLoad (internal/modules/cjs/loader.js:593:12)
    at Function.Module._load (internal/modules/cjs/loader.js:585:3)
    at Function.Module.runMain (internal/modules/cjs/loader.js:831:12)
    at startup (internal/bootstrap/node.js:283:19)
[error] 
[error] Error: An unexpected error has occurred.
